build/app/intermediates/manifest_merge_blame_file/debug/manifest-merger-blame-debug-report.txt
1<?xml version="1.0" encoding="utf-8"?>
2<manifest xmlns:android="http://schemas.android.com/apk/res/android"
3    package="com.varadgauthankar.macro_calculator"
4    android:versionCode="7"
5    android:versionName="3.3.0" >
6
7    <uses-sdk
8        android:minSdkVersion="16"
9        android:targetSdkVersion="29" />
10    <!--
11         Flutter needs it to communicate with the running application
12         to allow setting breakpoints, to provide hot reload, etc.
13    -->
14    <uses-permission android:name="android.permission.INTERNET" />
14-->src\debug\AndroidManifest.xml:6:5-66
14-->src\debug\AndroidManifest.xml:6:22-64
15    <!--
16     io.flutter.app.FlutterApplication is an android.app.Application that
17         calls FlutterMain.startInitialization(this); in its onCreate method.
18         In most cases you can leave this as-is, but you if you want to provide
19         additional functionality it is fine to subclass or reimplement
20         FlutterApplication and put your custom class here.
21    -->
22    <application
22-->src\main\AndroidManifest.xml:9:5-30:19
23        android:name="io.flutter.app.FlutterApplication"
23-->src\main\AndroidManifest.xml:10:9-57
24        android:appComponentFactory="androidx.core.app.CoreComponentFactory"
24-->[androidx.core:core:1.3.1] AndroidManifest.xml:24:18-86
25        android:debuggable="true"
26        android:icon="@mipmap/ic_launcher"
26-->src\main\AndroidManifest.xml:12:9-43
27        android:label="Macro Calculator" >
27-->src\main\AndroidManifest.xml:11:9-41
28        <activity
28-->src\main\AndroidManifest.xml:13:9-24:20
29            android:name="com.example.macro_calculator.MainActivity"
29-->src\main\AndroidManifest.xml:14:13-41
30            android:configChanges="orientation|keyboardHidden|keyboard|screenSize|smallestScreenSize|locale|layoutDirection|fontScale|screenLayout|density|uiMode"
30-->src\main\AndroidManifest.xml:17:13-163
31            android:hardwareAccelerated="true"
31-->src\main\AndroidManifest.xml:18:13-47
32            android:launchMode="singleTop"
32-->src\main\AndroidManifest.xml:15:13-43
33            android:theme="@style/LaunchTheme"
33-->src\main\AndroidManifest.xml:16:13-47
34            android:windowSoftInputMode="adjustResize" >
34-->src\main\AndroidManifest.xml:19:13-55
35            <intent-filter>
35-->src\main\AndroidManifest.xml:20:13-23:29
36                <action android:name="android.intent.action.MAIN" />
36-->src\main\AndroidManifest.xml:21:17-68
36-->src\main\AndroidManifest.xml:21:25-66
37
38                <category android:name="android.intent.category.LAUNCHER" />
38-->src\main\AndroidManifest.xml:22:17-76
38-->src\main\AndroidManifest.xml:22:27-74
39            </intent-filter>
40        </activity>
41        <!--
42             Don't delete the meta-data below.
43             This is used by the Flutter tool to generate GeneratedPluginRegistrant.java
44        -->
45        <meta-data
45-->src\main\AndroidManifest.xml:27:9-29:33
46            android:name="flutterEmbedding"
46-->src\main\AndroidManifest.xml:28:13-44
47            android:value="2" />
47-->src\main\AndroidManifest.xml:29:13-30
48
49        <activity
49-->[:url_launcher] AndroidManifest.xml:8:9-11:74
50            android:name="io.flutter.plugins.urllauncher.WebViewActivity"
50-->[:url_launcher] AndroidManifest.xml:9:13-74
51            android:exported="false"
51-->[:url_launcher] AndroidManifest.xml:10:13-37
52            android:theme="@android:style/Theme.NoTitleBar.Fullscreen" />
52-->[:url_launcher] AndroidManifest.xml:11:13-71
53
54        <provider
54-->[:share_plus] AndroidManifest.xml:8:9-16:20
55            android:name="dev.fluttercommunity.plus.share.ShareFileProvider"
55-->[:share_plus] AndroidManifest.xml:9:13-77
56            android:authorities="com.varadgauthankar.macro_calculator.flutter.share_provider"
56-->[:share_plus] AndroidManifest.xml:10:13-74
57            android:exported="false"
57-->[:share_plus] AndroidManifest.xml:11:13-37
58            android:grantUriPermissions="true" >
58-->[:share_plus] AndroidManifest.xml:12:13-47
59            <meta-data
59-->[:share_plus] AndroidManifest.xml:13:13-15:68
60                android:name="android.support.FILE_PROVIDER_PATHS"
60-->[:share_plus] AndroidManifest.xml:14:17-67
61                android:resource="@xml/flutter_share_file_paths" />
61-->[:share_plus] AndroidManifest.xml:15:17-65
62        </provider>
63    </application>
64
65</manifest>